0 info it worked if it ends with ok
1 verbose cli [ 'node', '/usr/local/bin/npm', 'install', 'express', '--save' ]
2 info using npm@1.4.28
3 info using node@v0.10.33
4 warn package.json streaming@1.0.0 No description
5 warn package.json streaming@1.0.0 No repository field.
6 warn package.json streaming@1.0.0 No README data
7 verbose readDependencies using package.json deps
8 verbose cache add [ 'express', null ]
9 verbose cache add name=undefined spec="express" args=["express",null]
10 verbose parsed url { protocol: null,
10 verbose parsed url   slashes: null,
10 verbose parsed url   auth: null,
10 verbose parsed url   host: null,
10 verbose parsed url   port: null,
10 verbose parsed url   hostname: null,
10 verbose parsed url   hash: null,
10 verbose parsed url   search: null,
10 verbose parsed url   query: null,
10 verbose parsed url   pathname: 'express',
10 verbose parsed url   path: 'express',
10 verbose parsed url   href: 'express' }
11 silly lockFile f3c62de4-express express
12 verbose lock express /Users/john/.npm/f3c62de4-express.lock
13 silly lockFile f3c62de4-express express
14 silly lockFile f3c62de4-express express
15 verbose addNamed [ 'express', '' ]
16 verbose addNamed [ null, '*' ]
17 silly lockFile 64a534c1-express express@
18 verbose lock express@ /Users/john/.npm/64a534c1-express.lock
19 silly addNameRange { name: 'express', range: '*', hasData: false }
20 verbose request where is /express
21 verbose request registry https://registry.npmjs.org/
22 verbose request id dc72526455321a4a
23 verbose url raw /express
24 verbose url resolving [ 'https://registry.npmjs.org/', './express' ]
25 verbose url resolved https://registry.npmjs.org/express
26 verbose request where is https://registry.npmjs.org/express
27 info trying registry request attempt 1 at 21:49:48
28 verbose etag "7VZRRZBMKZD3QPCAVYCB4TZH"
29 http GET https://registry.npmjs.org/express
30 http 200 https://registry.npmjs.org/express
31 silly registry.get cb [ 200,
31 silly registry.get   { server: 'CouchDB/1.5.0 (Erlang OTP/R16B03)',
31 silly registry.get     etag: '"7258SQ1X8KBLW0WJBIFFGWN1C"',
31 silly registry.get     'content-type': 'application/json',
31 silly registry.get     'cache-control': 'max-age=60',
31 silly registry.get     'content-length': '506137',
31 silly registry.get     'accept-ranges': 'bytes',
31 silly registry.get     date: 'Tue, 30 Jun 2015 01:49:48 GMT',
31 silly registry.get     via: '1.1 varnish',
31 silly registry.get     age: '42',
31 silly registry.get     connection: 'keep-alive',
31 silly registry.get     'x-served-by': 'cache-jfk1030-JFK',
31 silly registry.get     'x-cache': 'HIT',
31 silly registry.get     'x-cache-hits': '2',
31 silly registry.get     'x-timer': 'S1435628988.759596,VS0,VE0',
31 silly registry.get     vary: 'Accept' } ]
32 silly addNameRange number 2 { name: 'express', range: '*', hasData: true }
33 silly addNameRange versions [ 'express',
33 silly addNameRange   [ '0.14.0',
33 silly addNameRange     '0.14.1',
33 silly addNameRange     '1.0.0',
33 silly addNameRange     '1.0.1',
33 silly addNameRange     '1.0.2',
33 silly addNameRange     '1.0.3',
33 silly addNameRange     '1.0.4',
33 silly addNameRange     '1.0.5',
33 silly addNameRange     '1.0.6',
33 silly addNameRange     '1.0.7',
33 silly addNameRange     '1.0.8',
33 silly addNameRange     '2.0.0',
33 silly addNameRange     '2.1.0',
33 silly addNameRange     '2.1.1',
33 silly addNameRange     '2.2.0',
33 silly addNameRange     '2.2.1',
33 silly addNameRange     '2.2.2',
33 silly addNameRange     '2.3.0',
33 silly addNameRange     '2.3.1',
33 silly addNameRange     '2.3.2',
33 silly addNameRange     '2.3.3',
33 silly addNameRange     '2.3.4',
33 silly addNameRange     '2.3.5',
33 silly addNameRange     '2.3.6',
33 silly addNameRange     '2.3.7',
33 silly addNameRange     '2.3.8',
33 silly addNameRange     '2.3.9',
33 silly addNameRange     '2.3.10',
33 silly addNameRange     '2.3.11',
33 silly addNameRange     '2.3.12',
33 silly addNameRange     '2.4.0',
33 silly addNameRange     '2.4.1',
33 silly addNameRange     '2.4.2',
33 silly addNameRange     '2.4.3',
33 silly addNameRange     '2.4.4',
33 silly addNameRange     '2.4.5',
33 silly addNameRange     '2.4.6',
33 silly addNameRange     '2.4.7',
33 silly addNameRange     '2.5.0',
33 silly addNameRange     '2.5.1',
33 silly addNameRange     '2.5.2',
33 silly addNameRange     '2.5.3',
33 silly addNameRange     '2.5.4',
33 silly addNameRange     '2.5.5',
33 silly addNameRange     '2.5.6',
33 silly addNameRange     '2.5.7',
33 silly addNameRange     '2.5.8',
33 silly addNameRange     '2.5.9',
33 silly addNameRange     '2.5.10',
33 silly addNameRange     '2.5.11',
33 silly addNameRange     '3.0.0',
33 silly addNameRange     '3.0.1',
33 silly addNameRange     '3.0.2',
33 silly addNameRange     '3.0.3',
33 silly addNameRange     '3.0.4',
33 silly addNameRange     '3.0.5',
33 silly addNameRange     '3.0.6',
33 silly addNameRange     '3.1.0',
33 silly addNameRange     '3.1.1',
33 silly addNameRange     '3.1.2',
33 silly addNameRange     '3.2.0',
33 silly addNameRange     '3.2.1',
33 silly addNameRange     '3.2.2',
33 silly addNameRange     '3.2.3',
33 silly addNameRange     '3.2.4',
33 silly addNameRange     '3.2.5',
33 silly addNameRange     '3.2.6',
33 silly addNameRange     '3.3.0',
33 silly addNameRange     '3.3.1',
33 silly addNameRange     '3.3.2',
33 silly addNameRange     '3.3.3',
33 silly addNameRange     '3.3.4',
33 silly addNameRange     '3.3.5',
33 silly addNameRange     '3.3.6',
33 silly addNameRange     '1.0.0-beta',
33 silly addNameRange     '1.0.0-beta2',
33 silly addNameRange     '1.0.0-rc',
33 silly addNameRange     '1.0.0-rc2',
33 silly addNameRange     '1.0.0-rc3',
33 silly addNameRange     '1.0.0-rc4',
33 silly addNameRange     '2.0.0-beta',
33 silly addNameRange     '2.0.0-beta2',
33 silly addNameRange     '2.0.0-beta3',
33 silly addNameRange     '2.0.0-rc',
33 silly addNameRange     '2.0.0-rc2',
33 silly addNameRange     '2.0.0-rc3',
33 silly addNameRange     '3.0.0-alpha1',
33 silly addNameRange     '3.0.0-alpha2',
33 silly addNameRange     '3.0.0-alpha3',
33 silly addNameRange     '3.0.0-alpha4',
33 silly addNameRange     '3.0.0-alpha5',
33 silly addNameRange     '3.0.0-beta1',
33 silly addNameRange     '3.0.0-beta2',
33 silly addNameRange     '3.0.0-beta3',
33 silly addNameRange     '3.0.0-beta4',
33 silly addNameRange     '3.0.0-beta6',
33 silly addNameRange     '3.0.0-beta7',
33 silly addNameRange     '3.0.0-rc1',
33 silly addNameRange     '3.0.0-rc2',
33 silly addNameRange     '3.0.0-rc3',
33 silly addNameRange     '3.0.0-rc4',
33 silly addNameRange     '3.0.0-rc5',
33 silly addNameRange     '3.3.7',
33 silly addNameRange     '3.3.8',
33 silly addNameRange     '3.4.0',
33 silly addNameRange     '3.4.1',
33 silly addNameRange     '3.4.2',
33 silly addNameRange     '3.4.3',
33 silly addNameRange     '3.4.4',
33 silly addNameRange     '3.4.5',
33 silly addNameRange     '3.4.6',
33 silly addNameRange     '3.4.7',
33 silly addNameRange     '3.4.8',
33 silly addNameRange     '4.0.0-rc1',
33 silly addNameRange     '4.0.0-rc2',
33 silly addNameRange     '3.5.0',
33 silly addNameRange     '4.0.0-rc3',
33 silly addNameRange     '4.0.0-rc4',
33 silly addNameRange     '3.5.1',
33 silly addNameRange     '4.0.0',
33 silly addNameRange     '3.5.2',
33 silly addNameRange     '4.1.0',
33 silly addNameRange     '4.1.1',
33 silly addNameRange     '3.5.3',
33 silly addNameRange     '4.1.2',
33 silly addNameRange     '3.6.0',
33 silly addNameRange     '4.2.0',
33 silly addNameRange     '3.7.0',
33 silly addNameRange     '3.8.0',
33 silly addNameRange     '4.3.0',
33 silly addNameRange     '4.3.1',
33 silly addNameRange     '3.8.1',
33 silly addNameRange     '4.3.2',
33 silly addNameRange     '3.9.0',
33 silly addNameRange     '4.4.0',
33 silly addNameRange     '4.4.1',
33 silly addNameRange     '3.10.0',
33 silly addNameRange     '3.10.1',
33 silly addNameRange     '3.10.2',
33 silly addNameRange     '3.10.3',
33 silly addNameRange     '3.10.4',
33 silly addNameRange     '4.4.2',
33 silly addNameRange     '3.10.5',
33 silly addNameRange     '4.4.3',
33 silly addNameRange     '3.11.0',
33 silly addNameRange     '4.4.4',
33 silly addNameRange     '3.12.0',
33 silly addNameRange     '3.12.1',
33 silly addNameRange     '4.4.5',
33 silly addNameRange     '3.13.0',
33 silly addNameRange     '4.5.0',
33 silly addNameRange     '4.5.1',
33 silly addNameRange     '3.14.0',
33 silly addNameRange     '4.6.0',
33 silly addNameRange     '4.6.1',
33 silly addNameRange     '3.15.0',
33 silly addNameRange     '4.7.0',
33 silly addNameRange     '3.15.1',
33 silly addNameRange     '4.7.1',
33 silly addNameRange     '3.15.2',
33 silly addNameRange     '4.7.2',
33 silly addNameRange     '4.7.3',
33 silly addNameRange     '3.15.3',
33 silly addNameRange     '4.7.4',
33 silly addNameRange     '3.16.0',
33 silly addNameRange     '4.8.0',
33 silly addNameRange     '3.16.1',
33 silly addNameRange     '4.8.1',
33 silly addNameRange     '3.16.2',
33 silly addNameRange     '4.8.2',
33 silly addNameRange     '3.16.3',
33 silly addNameRange     '3.16.4',
33 silly addNameRange     '4.8.3',
33 silly addNameRange     '3.16.5',
33 silly addNameRange     '3.16.6',
33 silly addNameRange     '4.8.4',
33 silly addNameRange     '3.16.7',
33 silly addNameRange     '4.8.5',
33 silly addNameRange     '3.16.8',
33 silly addNameRange     '4.8.6',
33 silly addNameRange     '3.16.9',
33 silly addNameRange     '4.8.7',
33 silly addNameRange     '3.16.10',
33 silly addNameRange     '4.8.8',
33 silly addNameRange     '3.17.0',
33 silly addNameRange     '3.17.1',
33 silly addNameRange     '4.9.0',
33 silly addNameRange     '3.17.2',
33 silly addNameRange     '4.9.1',
33 silly addNameRange     '4.9.2',
33 silly addNameRange     '3.17.3',
33 silly addNameRange     '4.9.3',
33 silly addNameRange     '3.17.4',
33 silly addNameRange     '4.9.4',
33 silly addNameRange     '3.17.5',
33 silly addNameRange     '4.9.5',
33 silly addNameRange     '3.17.6',
33 silly addNameRange     '3.17.7',
33 silly addNameRange     '4.9.6',
33 silly addNameRange     '4.9.7',
33 silly addNameRange     '3.17.8',
33 silly addNameRange     '4.9.8',
33 silly addNameRange     '3.18.0',
33 silly addNameRange     '3.18.1',
33 silly addNameRange     '4.10.0',
33 silly addNameRange     '3.18.2',
33 silly addNameRange     '4.10.1',
33 silly addNameRange     '5.0.0-alpha.1',
33 silly addNameRange     '3.18.3',
33 silly addNameRange     '4.10.2',
33 silly addNameRange     '3.18.4',
33 silly addNameRange     '4.10.3',
33 silly addNameRange     '4.10.4',
33 silly addNameRange     '4.10.5',
33 silly addNameRange     '3.18.5',
33 silly addNameRange     '3.18.6',
33 silly addNameRange     '4.10.6',
33 silly addNameRange     '4.10.7',
33 silly addNameRange     '3.19.0',
33 silly addNameRange     '4.10.8',
33 silly addNameRange     '4.11.0',
33 silly addNameRange     '3.19.1',
33 silly addNameRange     '4.11.1',
33 silly addNameRange     '3.19.2',
33 silly addNameRange     '4.11.2',
33 silly addNameRange     '3.20.0',
33 silly addNameRange     '4.12.0',
33 silly addNameRange     '3.20.1',
33 silly addNameRange     '4.12.1',
33 silly addNameRange     '4.12.2',
33 silly addNameRange     '3.20.2',
33 silly addNameRange     '4.12.3',
33 silly addNameRange     '3.20.3',
33 silly addNameRange     '4.12.4',
33 silly addNameRange     '3.21.0',
33 silly addNameRange     '4.13.0' ] ]
34 verbose addNamed [ 'express', '4.13.0' ]
35 verbose addNamed [ '4.13.0', '4.13.0' ]
36 silly lockFile 52804fb9-express-4-13-0 express@4.13.0
37 verbose lock express@4.13.0 /Users/john/.npm/52804fb9-express-4-13-0.lock
38 silly lockFile a6a74ed1-s-org-express-express-4-13-0-tgz https://registry.npmjs.org/express/-/express-4.13.0.tgz
39 verbose lock https://registry.npmjs.org/express/-/express-4.13.0.tgz /Users/john/.npm/a6a74ed1-s-org-express-express-4-13-0-tgz.lock
40 verbose addRemoteTarball [ 'https://registry.npmjs.org/express/-/express-4.13.0.tgz',
40 verbose addRemoteTarball   '0678bdbc72715170b3fcc917052f046cb9689add' ]
41 info retry fetch attempt 1 at 21:49:49
42 verbose fetch to= /var/folders/mf/2d61x_191hvg1cjwl807zcz40000gn/T/npm-29120-YBCBGBt_/registry.npmjs.org/express/-/express-4.13.0.tgz
43 http GET https://registry.npmjs.org/express/-/express-4.13.0.tgz
44 http 200 https://registry.npmjs.org/express/-/express-4.13.0.tgz
45 silly lockFile a6a74ed1-s-org-express-express-4-13-0-tgz https://registry.npmjs.org/express/-/express-4.13.0.tgz
46 silly lockFile a6a74ed1-s-org-express-express-4-13-0-tgz https://registry.npmjs.org/express/-/express-4.13.0.tgz
47 silly lockFile 52804fb9-express-4-13-0 express@4.13.0
48 silly lockFile 52804fb9-express-4-13-0 express@4.13.0
49 silly lockFile 64a534c1-express express@
50 silly lockFile 64a534c1-express express@
51 error Error: EACCES, mkdir '/Users/john/.npm/express/4.13.0'
51 error  { [Error: EACCES, mkdir '/Users/john/.npm/express/4.13.0']
51 error   errno: 3,
51 error   code: 'EACCES',
51 error   path: '/Users/john/.npm/express/4.13.0',
51 error   parent: 'streaming' }
52 error Please try running this command again as root/Administrator.
53 error System Darwin 14.3.0
54 error command "node" "/usr/local/bin/npm" "install" "express" "--save"
55 error cwd /Users/john/development/streaming
56 error node -v v0.10.33
57 error npm -v 1.4.28
58 error path /Users/john/.npm/express/4.13.0
59 error code EACCES
60 error errno 3
61 error stack Error: EACCES, mkdir '/Users/john/.npm/express/4.13.0'
62 verbose exit [ 3, true ]
